#
# There is insufficient memory for the Java Runtime Environment to continue.
# Native memory allocation (malloc) failed to allocate 1048576 bytes for AllocateHeap
# Possible reasons:
#   The system is out of physical RAM or swap space
#   The process is running with CompressedOops enabled, and the Java Heap may be blocking the growth of the native heap
# Possible solutions:
#   Reduce memory load on the system
#   Increase physical memory or swap space
#   Check if swap backing store is full
#   Decrease Java heap size (-Xmx/-Xms)
#   Decrease number of Java threads
#   Decrease Java thread stack sizes (-Xss)
#   Set larger code cache with -XX:ReservedCodeCacheSize=
#   JVM is running with Zero Based Compressed Oops mode in which the Java heap is
#     placed in the first 32GB address space. The Java Heap base address is the
#     maximum limit for the native heap growth. Please use -XX:HeapBaseMinAddress
#     to set the Java Heap base and to place the Java Heap above 32GB virtual address.
# This output file may be truncated or incomplete.
#
#  Out of Memory Error (memory/allocation.inline.hpp:61), pid=8444, tid=0x0000000000003624
#
# JRE version:  (8.0_202-b44) (build )
# Java VM: OpenJDK 64-Bit Server VM (25.202-b44 mixed mode windows-amd64 compressed oops)
# Failed to write core dump. Minidumps are not enabled by default on client versions of Windows
#

---------------  T H R E A D  ---------------

Current thread (0x0000000000c9e000):  JavaThread "Unknown thread" [_thread_in_vm, id=13860, stack(0x0000000002480000,0x0000000002580000)]

Stack: [0x0000000002480000,0x0000000002580000]
[error occurred during error reporting (printing stack bounds), id 0xc0000005]

Native frames: (J=compiled Java code, j=interpreted, Vv=VM code, C=native code)


---------------  P R O C E S S  ---------------

Java Threads: ( => current thread )

Other Threads:

=>0x0000000000c9e000 (exited) JavaThread "Unknown thread" [_thread_in_vm, id=13860, stack(0x0000000002480000,0x0000000002580000)]

VM state:not at safepoint (normal execution)

VM Mutex/Monitor currently owned by a thread: None

heap address: 0x00000006c0000000, size: 4096 MB, Compressed Oops mode: Zero based, Oop shift amount: 3
Narrow klass base: 0x0000000000000000, Narrow klass shift: 3
Compressed class space size: 1073741824 Address: 0x00000007c0000000

Heap:
 PSYoungGen      total 76288K, used 1310K [0x000000076ab00000, 0x0000000770000000, 0x00000007c0000000)
  eden space 65536K, 2% used [0x000000076ab00000,0x000000076ac47af0,0x000000076eb00000)
  from space 10752K, 0% used [0x000000076f580000,0x000000076f580000,0x0000000770000000)
  to   space 10752K, 0% used [0x000000076eb00000,0x000000076eb00000,0x000000076f580000)
 ParOldGen       total 175104K, used 0K [0x00000006c0000000, 0x00000006cab00000, 0x000000076ab00000)
  object space 175104K, 0% used [0x00000006c0000000,0x00000006c0000000,0x00000006cab00000)
 Metaspace       used 777K, capacity 4480K, committed 4480K, reserved 1056768K
  class space    used 74K, capacity 384K, committed 384K, reserved 1048576K

Card table byte_map: [0x0000000011e20000,0x0000000012630000] byte_map_base: 0x000000000e820000

Marking Bits: (ParMarkBitMap*) 0x000000006b729f30
 Begin Bits: [0x0000000013390000, 0x0000000017390000)
 End Bits:   [0x0000000017390000, 0x000000001b390000)

Polling page: 0x00000000006d0000

CodeCache: size=245760Kb used=327Kb max_used=327Kb free=245432Kb
 bounds [0x0000000002a60000, 0x0000000002cd0000, 0x0000000011a60000]
 total_blobs=56 nmethods=0 adapters=38
 compilation: enabled

Compilation events (0 events):
No events

GC Heap History (0 events):
No events

Deoptimization events (0 events):
No events

Classes redefined (0 events):
No events

Internal exceptions (0 events):
No events

Events (10 events):
Event: 0.077 loading class java/lang/Short
Event: 0.077 loading class java/lang/Short done
Event: 0.077 loading class java/lang/Integer
Event: 0.077 loading class java/lang/Integer done
Event: 0.077 loading class java/lang/Long
Event: 0.077 loading class java/lang/Long done
Event: 0.078 loading class java/lang/NullPointerException
Event: 0.078 loading class java/lang/NullPointerException done
Event: 0.078 loading class java/lang/ArithmeticException
Event: 0.078 loading class java/lang/ArithmeticException done


Dynamic libraries:
0x00007ff7c84e0000 - 0x00007ff7c8511000 	D:\IntelliJ IDEA\jre64\bin\java.exe
0x00007ff80da90000 - 0x00007ff80dc7d000 	C:\Windows\SYSTEM32\ntdll.dll
0x00007ff80ad60000 - 0x00007ff80ae13000 	C:\Windows\System32\KERNEL32.DLL
0x00007ff809b90000 - 0x00007ff809e23000 	C:\Windows\System32\KERNELBASE.dll
0x00007ff80d800000 - 0x00007ff80d8a3000 	C:\Windows\System32\ADVAPI32.dll
0x00007ff80d6f0000 - 0x00007ff80d78e000 	C:\Windows\System32\msvcrt.dll
0x00007ff80cfd0000 - 0x00007ff80d06e000 	C:\Windows\System32\sechost.dll
0x00007ff80b580000 - 0x00007ff80b6a2000 	C:\Windows\System32\RPCRT4.dll
0x00007ff80cc20000 - 0x00007ff80cdb7000 	C:\Windows\System32\USER32.dll
0x00007ff80a1e0000 - 0x00007ff80a200000 	C:\Windows\System32\win32u.dll
0x00007ff80d3a0000 - 0x00007ff80d3c9000 	C:\Windows\System32\GDI32.dll
0x00007ff809f30000 - 0x00007ff80a0ca000 	C:\Windows\System32\gdi32full.dll
0x00007ff80abd0000 - 0x00007ff80ac70000 	C:\Windows\System32\msvcp_win.dll
0x00007ff809e30000 - 0x00007ff809f2a000 	C:\Windows\System32\ucrtbase.dll
0x00007ffffa8f0000 - 0x00007ffffab69000 	C:\Windows\WinSxS\amd64_microsoft.windows.common-controls_6595b64144ccf1df_6.0.17763.503_none_05b23ef40721f4ae\COMCTL32.dll
0x00007ff80d070000 - 0x00007ff80d39c000 	C:\Windows\System32\combase.dll
0x00007ff80a400000 - 0x00007ff80a47e000 	C:\Windows\System32\bcryptPrimitives.dll
0x00007ff80cfa0000 - 0x00007ff80cfce000 	C:\Windows\System32\IMM32.DLL
0x00007ff809960000 - 0x00007ff809990000 	C:\Windows\system32\vmwsci.dll
0x00007ff80d5b0000 - 0x00007ff80d5b8000 	C:\Windows\System32\PSAPI.DLL
0x000000006ae80000 - 0x000000006af52000 	D:\IntelliJ IDEA\jre64\bin\msvcr100.dll
0x000000006af60000 - 0x000000006b7a6000 	D:\IntelliJ IDEA\jre64\bin\server\jvm.dll
0x00007ff800000000 - 0x00007ff800009000 	C:\Windows\SYSTEM32\WSOCK32.dll
0x00007ff80d790000 - 0x00007ff80d7fd000 	C:\Windows\System32\WS2_32.dll
0x00007ff808c20000 - 0x00007ff808c2a000 	C:\Windows\SYSTEM32\VERSION.dll
0x00007ff807b20000 - 0x00007ff807b44000 	C:\Windows\SYSTEM32\WINMM.dll
0x00007ff807af0000 - 0x00007ff807b1d000 	C:\Windows\SYSTEM32\winmmbase.dll
0x00007ff80ac70000 - 0x00007ff80acba000 	C:\Windows\System32\cfgmgr32.dll
0x00007ff805130000 - 0x00007ff80513f000 	D:\IntelliJ IDEA\jre64\bin\verify.dll
0x00007ff8032d0000 - 0x00007ff8032f9000 	D:\IntelliJ IDEA\jre64\bin\java.dll
0x00007ff803f20000 - 0x00007ff803f36000 	D:\IntelliJ IDEA\jre64\bin\zip.dll

VM Arguments:
java_command: org.jetbrains.git4idea.http.GitAskPassApp Username for 'http://git.27yn.cn': 
java_class_path (initial): D:/IntelliJ IDEA/plugins/git4idea/lib/git4idea-rt.jar;D:/IntelliJ IDEA/lib/xmlrpc-2.0.1.jar;D:/IntelliJ IDEA/lib/commons-codec-1.10.jar;D:/IntelliJ IDEA/lib/util.jar
Launcher Type: SUN_STANDARD

Environment Variables:
JAVA_HOME=D:\Java\jdk1.8.0_211
CLASSPATH=.;D:\Java\jdk1.8.0_211\lib;D:\Java\jdk1.8.0_211\lib\dt.jar;D:\Java\jdk1.8.0_211\lib\tools.jar
PATH=D:\Git\mingw64/libexec/git-core;D:\Git\mingw64\bin;D:\Git\usr\bin;D:\Users\wjb\bin;D:\NetSarang\Xftp 6\;D:\NetSarang\Xshell 6\;C:\Program Files (x86)\Common Files\Oracle\Java\javapath;C:\Windows\system32;C:\Windows;C:\Windows\System32\Wbem;C:\Windows\System32\WindowsPowerShell\v1.0\;C:\Windows\System32\OpenSSH\;C:\Program Files\Common Files\ThinPrint\;";D:\Java\jdk1.8.0_211\bin";D:\Java\jdk1.8.0_211\jre\bin;D:\apache-maven-3.3.9\bin\;D:\nodejs\;D:\gradle-5.4.1\bin;D:\Git\cmd;D:\Users\wjb\AppData\Local\Microsoft\WindowsApps;D:\Users\wjb\AppData\Roaming\npm;D:\Git\cmd;D:\Docker Toolbox
USERNAME=wjb
DISPLAY=:0.0
OS=Windows_NT
PROCESSOR_IDENTIFIER=Intel64 Family 6 Model 26 Stepping 4, GenuineIntel



---------------  S Y S T E M  ---------------

OS: Windows 10.0 , 64 bit Build 17763 (10.0.17763.475)

CPU:total 8 (initial active 8) (4 cores per cpu, 1 threads per core) family 6 model 26 stepping 4, cmov, cx8, fxsr, mmx, sse, sse2, sse3, ssse3, sse4.1, sse4.2, popcnt, tsc, tscinvbit, tscinv

Memory: 4k page, physical 16776692k(5799772k free), swap 16776692k(5856k free)

vm_info: OpenJDK 64-Bit Server VM (25.202-b44) for windows-amd64 JRE (1.8.0_202-release-1483-b44), built on Mar 29 2019 17:15:10 by "builduser" with MS VC++ 10.0 (VS2010)

time: Tue Jun 04 14:37:21 2019
timezone: 中国标准时间
elapsed time: 0 seconds (0d 0h 0m 0s)

